{
  "RSpec": {
    "coverage": {
      "/Users/bryanyan/College/CSCE431/bytes/app/helpers/application_helper.rb": {
        "lines": [
          1,
          null
        ]
      },
      "/Users/bryanyan/College/CSCE431/bytes/app/helpers/credit_pools_helper.rb": {
        "lines": [
          1,
          null
        ]
      },
      "/Users/bryanyan/College/CSCE431/bytes/app/helpers/pages_helper.rb": {
        "lines": [
          1,
          null
        ]
      },
      "/Users/bryanyan/College/CSCE431/bytes/app/helpers/transactions_helper.rb": {
        "lines": [
          1,
          null
        ]
      },
      "/Users/bryanyan/College/CSCE431/bytes/app/helpers/users_helper.rb": {
        "lines": [
          1,
          null
        ]
      },
      "/Users/bryanyan/College/CSCE431/bytes/app/controllers/sessions_controller.rb": {
        "lines": [
          1,
          1,
          null,
          1,
          0,
          0,
          null,
          null,
          1,
          1,
          null,
          null,
          null,
          null,
          null,
          null,
          1,
          1,
          0,
          0,
          null,
          0,
          null,
          null,
          1,
          1,
          null,
          null,
          null,
          1,
          0,
          0,
          null,
          null
        ]
      },
      "/Users/bryanyan/College/CSCE431/bytes/app/controllers/application_controller.rb": {
        "lines": [
          1,
          1,
          null,
          1,
          null,
          1,
          null,
          null,
          null,
          7,
          null,
          null,
          1,
          null,
          null,
          7,
          null,
          null,
          1,
          null,
          7,
          0,
          0,
          null,
          null,
          null,
          null
        ]
      },
      "/Users/bryanyan/College/CSCE431/bytes/app/controllers/transactions_controller.rb": {
        "lines": [
          1,
          1,
          null,
          1,
          1,
          null,
          null,
          1,
          null,
          null,
          1,
          0,
          0,
          null,
          null,
          1,
          null,
          null,
          1,
          null,
          null,
          1,
          null,
          null,
          1,
          null,
          null,
          1,
          null,
          null,
          null,
          0,
          0,
          null,
          0,
          0,
          null,
          null
        ]
      },
      "/Users/bryanyan/College/CSCE431/bytes/app/controllers/users_controller.rb": {
        "lines": [
          1,
          1,
          0,
          null,
          null,
          1,
          null,
          null,
          1,
          0,
          null,
          null,
          1,
          null,
          0,
          0,
          0,
          0,
          null,
          0,
          0,
          null,
          null,
          null,
          1,
          null,
          null,
          1,
          null,
          null,
          1,
          null,
          null,
          1,
          null,
          null,
          null,
          1,
          null,
          null,
          null,
          null,
          1,
          0,
          null,
          1,
          null,
          null,
          null,
          null,
          1,
          null,
          null,
          null,
          null,
          5,
          1,
          1,
          1,
          null,
          4,
          4,
          null,
          null,
          4,
          null,
          null,
          null,
          4,
          1,
          1,
          1,
          null,
          null,
          null,
          3,
          2,
          2,
          2,
          null,
          null,
          null,
          1,
          null,
          null,
          1,
          null,
          null,
          1,
          0,
          null,
          1,
          1,
          null,
          null,
          1,
          1,
          null,
          null,
          null,
          null,
          1,
          0,
          0,
          null,
          0,
          0,
          null,
          0,
          null,
          null,
          1,
          0,
          0,
          null,
          0,
          null,
          0,
          0,
          0,
          0,
          null,
          null,
          0,
          0,
          0,
          0,
          0,
          null,
          null,
          1,
          1,
          0,
          null,
          null
        ]
      },
      "/Users/bryanyan/College/CSCE431/bytes/app/models/user.rb": {
        "lines": [
          1,
          1,
          1,
          null,
          1,
          null,
          null,
          2,
          null,
          null,
          null,
          1,
          null,
          null,
          1,
          null,
          null,
          null
        ]
      },
      "/Users/bryanyan/College/CSCE431/bytes/app/models/application_record.rb": {
        "lines": [
          1,
          1,
          null
        ]
      },
      "/Users/bryanyan/College/CSCE431/bytes/app/models/transaction.rb": {
        "lines": [
          1,
          null
        ]
      },
      "/Users/bryanyan/College/CSCE431/bytes/app/models/credit_pool.rb": {
        "lines": [
          1,
          null,
          1,
          null,
          1,
          null,
          null,
          null,
          1,
          0,
          0,
          null,
          null,
          0,
          null,
          null
        ]
      },
      "/Users/bryanyan/College/CSCE431/bytes/app/channels/application_cable/channel.rb": {
        "lines": [
          0,
          0,
          0,
          0
        ],
        "branches": {
        }
      },
      "/Users/bryanyan/College/CSCE431/bytes/app/channels/application_cable/connection.rb": {
        "lines": [
          0,
          0,
          0,
          0
        ],
        "branches": {
        }
      },
      "/Users/bryanyan/College/CSCE431/bytes/app/controllers/credit_pools_controller.rb": {
        "lines": [
          0,
          0,
          null,
          null,
          0,
          0,
          0,
          null,
          null,
          0,
          0,
          null,
          null,
          0,
          0,
          0,
          null,
          null,
          0,
          0,
          null,
          null,
          0,
          0,
          null,
          0,
          0,
          0,
          0,
          0,
          0,
          0,
          0,
          0,
          0,
          null,
          null,
          0,
          0,
          0,
          0,
          0,
          0,
          0,
          0,
          0,
          0,
          0,
          null,
          null,
          0,
          0,
          null,
          0,
          0,
          0,
          0,
          0,
          null,
          0,
          null,
          0,
          0,
          0,
          null,
          null,
          0,
          0,
          0,
          0
        ],
        "branches": {
        }
      },
      "/Users/bryanyan/College/CSCE431/bytes/app/controllers/pages_controller.rb": {
        "lines": [
          0,
          0,
          0,
          0,
          0,
          0,
          0,
          0
        ],
        "branches": {
        }
      },
      "/Users/bryanyan/College/CSCE431/bytes/app/controllers/welcome_controller.rb": {
        "lines": [
          0,
          0,
          0,
          0
        ],
        "branches": {
        }
      },
      "/Users/bryanyan/College/CSCE431/bytes/app/jobs/application_job.rb": {
        "lines": [
          0,
          null,
          null,
          null,
          null,
          null,
          0
        ],
        "branches": {
        }
      },
      "/Users/bryanyan/College/CSCE431/bytes/app/mailers/application_mailer.rb": {
        "lines": [
          0,
          0,
          0,
          0
        ],
        "branches": {
        }
      }
    },
    "timestamp": 1704986467
  }
}
