{
  "RSpec": {
    "coverage": {
      "/home/simonekang/bytes/app/helpers/application_helper.rb": {
        "lines": [
          null,
          null,
          null,
          1,
          null
        ]
      },
      "/home/simonekang/bytes/app/helpers/credit_pools_helper.rb": {
        "lines": [
          null,
          null,
          null,
          1,
          null
        ]
      },
      "/home/simonekang/bytes/app/helpers/pages_helper.rb": {
        "lines": [
          null,
          null,
          null,
          1,
          null
        ]
      },
      "/home/simonekang/bytes/app/helpers/transactions_helper.rb": {
        "lines": [
          null,
          null,
          null,
          1,
          null
        ]
      },
      "/home/simonekang/bytes/app/helpers/users_helper.rb": {
        "lines": [
          null,
          null,
          null,
          1,
          null
        ]
      },
      "/home/simonekang/bytes/app/controllers/credit_pools_controller.rb": {
        "lines": [
          null,
          null,
          null,
          1,
          1,
          null,
          null,
          1,
          1,
          null,
          null,
          null,
          1,
          null,
          null,
          1,
          1,
          null,
          null,
          null,
          1,
          null,
          null,
          1,
          2,
          null,
          2,
          2,
          2,
          1,
          null,
          2,
          1,
          null,
          null,
          null,
          null,
          null,
          1,
          2,
          2,
          2,
          1,
          null,
          2,
          1,
          null,
          null,
          null,
          null,
          null,
          1,
          1,
          null,
          1,
          2,
          1,
          null,
          null,
          null,
          1,
          null,
          null,
          1,
          3,
          null,
          null,
          null,
          1,
          4,
          null,
          null
        ]
      },
      "/home/simonekang/bytes/app/controllers/application_controller.rb": {
        "lines": [
          null,
          null,
          null,
          1,
          1,
          null,
          1,
          null,
          1,
          null,
          null,
          null,
          null,
          34,
          null,
          null,
          1,
          null,
          null,
          34,
          null,
          null,
          1,
          null,
          32,
          null,
          null,
          1,
          null,
          null
        ]
      },
      "/home/simonekang/bytes/app/controllers/pages_controller.rb": {
        "lines": [
          null,
          null,
          null,
          1,
          1,
          1,
          2,
          2,
          null,
          1,
          null,
          null
        ]
      },
      "/home/simonekang/bytes/app/controllers/sessions_controller.rb": {
        "lines": [
          null,
          null,
          null,
          1,
          1,
          null,
          1,
          1,
          1,
          null,
          null,
          1,
          2,
          null,
          2,
          2,
          1,
          null,
          1,
          1,
          1,
          null,
          null,
          null,
          1,
          1,
          1,
          null,
          null
        ]
      },
      "/home/simonekang/bytes/app/controllers/transactions_controller.rb": {
        "lines": [
          null,
          null,
          null,
          1,
          1,
          null,
          2,
          2,
          null,
          null,
          1,
          null,
          1,
          1,
          1,
          null,
          null,
          1,
          null,
          1,
          null,
          1,
          null,
          1,
          null,
          null
        ]
      },
      "/home/simonekang/bytes/app/controllers/users_controller.rb": {
        "lines": [
          null,
          null,
          null,
          1,
          1,
          2,
          null,
          null,
          1,
          null,
          1,
          1,
          null,
          null,
          1,
          2,
          1,
          1,
          1,
          1,
          null,
          1,
          1,
          null,
          null,
          1,
          null,
          1,
          null,
          1,
          null,
          1,
          null,
          null,
          1,
          null,
          null,
          null,
          null,
          1,
          null,
          1,
          null,
          null,
          null,
          1,
          null,
          null,
          null,
          5,
          1,
          1,
          1,
          null,
          4,
          4,
          null,
          null,
          4,
          null,
          null,
          4,
          1,
          1,
          1,
          null,
          null,
          null,
          3,
          2,
          2,
          2,
          null,
          null,
          null,
          1,
          null,
          null,
          1,
          null,
          null,
          1,
          null,
          1,
          1,
          null,
          null,
          1,
          1,
          null,
          null,
          1,
          2,
          2,
          null,
          2,
          null,
          2,
          null,
          null,
          1,
          7,
          7,
          null,
          7,
          null,
          7,
          2,
          2,
          2,
          null,
          null,
          5,
          5,
          5,
          5,
          5,
          null,
          null,
          1,
          null,
          1,
          2,
          null,
          null,
          null,
          null
        ]
      },
      "/home/simonekang/bytes/app/models/user.rb": {
        "lines": [
          null,
          null,
          null,
          1,
          1,
          1,
          null,
          1,
          null,
          null,
          2,
          null,
          null,
          null,
          1,
          null,
          null,
          6,
          null,
          null,
          null
        ]
      },
      "/home/simonekang/bytes/app/models/application_record.rb": {
        "lines": [
          null,
          null,
          null,
          1,
          1,
          null
        ]
      },
      "/home/simonekang/bytes/app/models/credit_pool.rb": {
        "lines": [
          null,
          null,
          null,
          1,
          1,
          null,
          1,
          1,
          null,
          null,
          1,
          5,
          null,
          5,
          null,
          null
        ]
      },
      "/home/simonekang/bytes/app/models/transaction.rb": {
        "lines": [
          null,
          null,
          1,
          null
        ]
      },
      "/home/simonekang/bytes/app/channels/application_cable/channel.rb": {
        "lines": [
          null,
          null,
          null,
          null,
          null,
          null
        ],
        "branches": {
        }
      },
      "/home/simonekang/bytes/app/channels/application_cable/connection.rb": {
        "lines": [
          null,
          null,
          null,
          null,
          null,
          null
        ],
        "branches": {
        }
      },
      "/home/simonekang/bytes/app/jobs/application_job.rb": {
        "lines": [
          null,
          null,
          null,
          null,
          null,
          null,
          null,
          null,
          null
        ],
        "branches": {
        }
      },
      "/home/simonekang/bytes/app/mailers/application_mailer.rb": {
        "lines": [
          null,
          null,
          null,
          null,
          null,
          null,
          null
        ],
        "branches": {
        }
      }
    },
    "timestamp": 1706221395
  }
}
